This is pdfTeX, Version 3.14159265-2.6-1.40.17 (TeX Live 2016/W32TeX) (preloaded format=pdflatex 2016.8.29)  31 OCT 2016 18:43
entering extended mode
 restricted \write18 enabled.
 %&-line parsing enabled.
**./llncsdoc.tex
(./llncsdoc.tex
LaTeX2e <2016/03/31> patch level 3
Babel <3.9r> and hyphenation patterns for 83 language(s) loaded.
(./llncs.cls
Document Class: llncs 2013/09/27 v2.18 
 LaTeX document class for Lecture Notes in Computer Science
(c:/texlive/2016/texmf-dist/tex/latex/base/article.cls
Document Class: article 2014/09/29 v1.4h Standard LaTeX document class
(c:/texlive/2016/texmf-dist/tex/latex/base/size10.clo
File: size10.clo 2014/09/29 v1.4h Standard LaTeX file (size option)
)
\c@part=\count79
\c@section=\count80
\c@subsection=\count81
\c@subsubsection=\count82
\c@paragraph=\count83
\c@subparagraph=\count84
\c@figure=\count85
\c@table=\count86
\abovecaptionskip=\skip41
\belowcaptionskip=\skip42
\bibindent=\dimen102
)
(c:/texlive/2016/texmf-dist/tex/latex/tools/multicol.sty
Package: multicol 2016/04/07 v1.8p multicolumn formatting (FMi)
\c@tracingmulticols=\count87
\mult@box=\box26
\multicol@leftmargin=\dimen103
\c@unbalance=\count88
\c@collectmore=\count89
\doublecol@number=\count90
\multicoltolerance=\count91
\multicolpretolerance=\count92
\full@width=\dimen104
\page@free=\dimen105
\premulticols=\dimen106
\postmulticols=\dimen107
\multicolsep=\skip43
\multicolbaselineskip=\skip44
\partial@page=\box27
\last@line=\box28
\maxbalancingoverflow=\dimen108
\mult@rightbox=\box29
\mult@grightbox=\box30
\mult@gfirstbox=\box31
\mult@firstbox=\box32
\@tempa=\box33
\@tempa=\box34
\@tempa=\box35
\@tempa=\box36
\@tempa=\box37
\@tempa=\box38
\@tempa=\box39
\@tempa=\box40
\@tempa=\box41
\@tempa=\box42
\@tempa=\box43
\@tempa=\box44
\@tempa=\box45
\@tempa=\box46
\@tempa=\box47
\@tempa=\box48
\@tempa=\box49
\c@columnbadness=\count93
\c@finalcolumnbadness=\count94
\last@try=\dimen109
\multicolovershoot=\dimen110
\multicolundershoot=\dimen111
\mult@nat@firstbox=\box50
\colbreak@box=\box51
\mc@col@check@num=\count95
) (./aliascnt.sty
Package: aliascnt 2009/09/08 v1.3 Alias counter (HO)

(./remreset.sty))
\c@chapter=\count96
LaTeX Font Info:    Redeclaring math symbol \Gamma on input line 362.
LaTeX Font Info:    Redeclaring math symbol \Delta on input line 363.
LaTeX Font Info:    Redeclaring math symbol \Theta on input line 364.
LaTeX Font Info:    Redeclaring math symbol \Lambda on input line 365.
LaTeX Font Info:    Redeclaring math symbol \Xi on input line 366.
LaTeX Font Info:    Redeclaring math symbol \Pi on input line 367.
LaTeX Font Info:    Redeclaring math symbol \Sigma on input line 368.
LaTeX Font Info:    Redeclaring math symbol \Upsilon on input line 369.
LaTeX Font Info:    Redeclaring math symbol \Phi on input line 370.
LaTeX Font Info:    Redeclaring math symbol \Psi on input line 371.
LaTeX Font Info:    Redeclaring math symbol \Omega on input line 372.
\tocchpnum=\dimen112
\tocsecnum=\dimen113
\tocsectotal=\dimen114
\tocsubsecnum=\dimen115
\tocsubsectotal=\dimen116
\tocsubsubsecnum=\dimen117
\tocsubsubsectotal=\dimen118
\tocparanum=\dimen119
\tocparatotal=\dimen120
\tocsubparanum=\dimen121
\@tempcntc=\count97
\fnindent=\dimen122
\c@@inst=\count98
\c@@auth=\count99
\c@auco=\count100
\instindent=\dimen123
\authrun=\box52
\authorrunning=\toks14
\tocauthor=\toks15
\titrun=\box53
\titlerunning=\toks16
\toctitle=\toks17
\c@theorem=\count101
\c@case=\count102
\c@conjecture=\count103
\c@corollary=\count104
\c@definition=\count105
\c@example=\count106
\c@exercise=\count107
\c@lemma=\count108
\c@note=\count109
\c@problem=\count110
\c@property=\count111
\c@proposition=\count112
\c@question=\count113
\c@solution=\count114
\c@remark=\count115
\headlineindent=\dimen124
) (./llncsdoc.sty)
No file llncsdoc.aux.
\openout1 = `llncsdoc.aux'.

LaTeX Font Info:    Checking defaults for OML/cmm/m/it on input line 7.
LaTeX Font Info:    ... okay on input line 7.
LaTeX Font Info:    Checking defaults for T1/cmr/m/n on input line 7.
LaTeX Font Info:    ... okay on input line 7.
LaTeX Font Info:    Checking defaults for OT1/cmr/m/n on input line 7.
LaTeX Font Info:    ... okay on input line 7.
LaTeX Font Info:    Checking defaults for OMS/cmsy/m/n on input line 7.
LaTeX Font Info:    ... okay on input line 7.
LaTeX Font Info:    Checking defaults for OMX/cmex/m/n on input line 7.
LaTeX Font Info:    ... okay on input line 7.
LaTeX Font Info:    Checking defaults for U/cmr/m/n on input line 7.
LaTeX Font Info:    ... okay on input line 7.
LaTeX Font Info:    External font `cmex10' loaded for size
(Font)              <17.28> on input line 13.
LaTeX Font Info:    External font `cmex10' loaded for size
(Font)              <12> on input line 13.
LaTeX Font Info:    External font `cmex10' loaded for size
(Font)              <24.88> on input line 19.
LaTeX Font Info:    External font `cmex10' loaded for size
(Font)              <20.74> on input line 19.
[1

{c:/texlive/2016/texmf-var/fonts/map/pdftex/updmap/pdftex.map}]
LaTeX Font Info:    External font `cmex10' loaded for size
(Font)              <7> on input line 40.
LaTeX Font Info:    External font `cmex10' loaded for size
(Font)              <5> on input line 40.
Missing character: There is no ï in font cmr10!
Missing character: There is no ¿ in font cmr10!
Missing character: There is no ½ in font cmr10!
LaTeX Font Info:    External font `cmex10' loaded for size
(Font)              <9> on input line 70.
LaTeX Font Info:    External font `cmex10' loaded for size
(Font)              <6> on input line 70.
 [2]
No file llncsdoc.toc.
\tf@toc=\write3
\openout3 = `llncsdoc.toc'.

[3

]

LaTeX Warning: Reference `contbegin' on page 4 undefined on input line 92.


LaTeX Warning: Reference `refer' on page 4 undefined on input line 101.


LaTeX Warning: Reference `refedit' on page 4 undefined on input line 108.

[4] [5]

LaTeX Warning: Reference `headings' on page 6 undefined on input line 267.

[6]

LaTeX Warning: Reference `abbrev' on page 7 undefined on input line 274.

[7]
Overfull \vbox (10.0pt too high) has occurred while \output is active []

 [8]

LaTeX Warning: Reference `samppage' on page 9 undefined on input line 428.

[9] [10] [11] [12]
Underfull \vbox (badness 10000) has occurred while \output is active []

 [13]
\c@save=\count116

[14] [15] [16] [17] [18] [19] [20] [21] [22] [23] (./llncsdoc.aux)

LaTeX Warning: There were undefined references.


LaTeX Warning: Label(s) may have changed. Rerun to get cross-references right.

 ) 
Here is how much of TeX's memory you used:
 738 strings out of 493013
 8223 string characters out of 6136993
 76254 words of memory out of 5000000
 4324 multiletter control sequences out of 15000+600000
 16603 words of font info for 57 fonts, out of 8000000 for 9000
 1141 hyphenation exceptions out of 8191
 29i,15n,21p,210b,333s stack positions out of 5000i,500n,10000p,200000b,80000s
<c:/texlive/2016/texmf-dist/fonts/type1/public/amsfonts/cm/cmbsy10.pfb><c:/te
xlive/2016/texmf-dist/fonts/type1/public/amsfonts/cm/cmbx10.pfb><c:/texlive/201
6/texmf-dist/fonts/type1/public/amsfonts/cm/cmbx12.pfb><c:/texlive/2016/texmf-d
ist/fonts/type1/public/amsfonts/cm/cmbx7.pfb><c:/texlive/2016/texmf-dist/fonts/
type1/public/amsfonts/cm/cmbx9.pfb><c:/texlive/2016/texmf-dist/fonts/type1/publ
ic/amsfonts/cm/cmbxti10.pfb><c:/texlive/2016/texmf-dist/fonts/type1/public/amsf
onts/cm/cmcsc10.pfb><c:/texlive/2016/texmf-dist/fonts/type1/public/amsfonts/cm/
cmex10.pfb><c:/texlive/2016/texmf-dist/fonts/type1/public/amsfonts/cm/cmmi10.pf
b><c:/texlive/2016/texmf-dist/fonts/type1/public/amsfonts/cm/cmmi12.pfb><c:/tex
live/2016/texmf-dist/fonts/type1/public/amsfonts/cm/cmmi6.pfb><c:/texlive/2016/
texmf-dist/fonts/type1/public/amsfonts/cm/cmmi7.pfb><c:/texlive/2016/texmf-dist
/fonts/type1/public/amsfonts/cm/cmmi9.pfb><c:/texlive/2016/texmf-dist/fonts/typ
e1/public/amsfonts/cm/cmmib10.pfb><c:/texlive/2016/texmf-dist/fonts/type1/publi
c/amsfonts/cm/cmr10.pfb><c:/texlive/2016/texmf-dist/fonts/type1/public/amsfonts
/cm/cmr12.pfb><c:/texlive/2016/texmf-dist/fonts/type1/public/amsfonts/cm/cmr17.
pfb><c:/texlive/2016/texmf-dist/fonts/type1/public/amsfonts/cm/cmr5.pfb><c:/tex
live/2016/texmf-dist/fonts/type1/public/amsfonts/cm/cmr6.pfb><c:/texlive/2016/t
exmf-dist/fonts/type1/public/amsfonts/cm/cmr7.pfb><c:/texlive/2016/texmf-dist/f
onts/type1/public/amsfonts/cm/cmr9.pfb><c:/texlive/2016/texmf-dist/fonts/type1/
public/amsfonts/cm/cmsy10.pfb><c:/texlive/2016/texmf-dist/fonts/type1/public/am
sfonts/cm/cmsy6.pfb><c:/texlive/2016/texmf-dist/fonts/type1/public/amsfonts/cm/
cmsy7.pfb><c:/texlive/2016/texmf-dist/fonts/type1/public/amsfonts/cm/cmti10.pfb
><c:/texlive/2016/texmf-dist/fonts/type1/public/amsfonts/cm/cmti7.pfb><c:/texli
ve/2016/texmf-dist/fonts/type1/public/amsfonts/cm/cmtt10.pfb><c:/texlive/2016/t
exmf-dist/fonts/type1/public/amsfonts/cm/cmtt9.pfb>
Output written on llncsdoc.pdf (23 pages, 368208 bytes).
PDF statistics:
 191 PDF objects out of 1000 (max. 8388607)
 136 compressed objects within 2 object streams
 0 named destinations out of 1000 (max. 500000)
 1 words of extra memory for PDF output out of 10000 (max. 10000000)

